  Source.cpp
C:\Users\divac\source\repos\APK_2\APK_2\Source.cpp(14,17): error C2065: int8: необъявленный идентификатор
C:\Users\divac\source\repos\APK_2\APK_2\Source.cpp(14,21): error C2182: interrupt: недопустимое использование типа "void"
C:\Users\divac\source\repos\APK_2\APK_2\Source.cpp(14,23): error C2143: синтаксическая ошибка: отсутствие ";" перед "("
C:\Users\divac\source\repos\APK_2\APK_2\Source.cpp(14,27): error C2059: синтаксическая ошибка: )
C:\Users\divac\source\repos\APK_2\APK_2\Source.cpp(15,17): error C2065: int9: необъявленный идентификатор
C:\Users\divac\source\repos\APK_2\APK_2\Source.cpp(15,21): error C2182: interrupt: недопустимое использование типа "void"
C:\Users\divac\source\repos\APK_2\APK_2\Source.cpp(15,6): error C2374: interrupt: переопределение; множественная инициализация
C:\Users\divac\source\repos\APK_2\APK_2\Source.cpp(14): message : см. объявление "interrupt"
C:\Users\divac\source\repos\APK_2\APK_2\Source.cpp(15,23): error C2143: синтаксическая ошибка: отсутствие ";" перед "("
C:\Users\divac\source\repos\APK_2\APK_2\Source.cpp(15,27): error C2059: синтаксическая ошибка: )
C:\Users\divac\source\repos\APK_2\APK_2\Source.cpp(16,17): error C2065: intA: необъявленный идентификатор
C:\Users\divac\source\repos\APK_2\APK_2\Source.cpp(16,21): error C2182: interrupt: недопустимое использование типа "void"
C:\Users\divac\source\repos\APK_2\APK_2\Source.cpp(16,6): error C2374: interrupt: переопределение; множественная инициализация
C:\Users\divac\source\repos\APK_2\APK_2\Source.cpp(14): message : см. объявление "interrupt"
C:\Users\divac\source\repos\APK_2\APK_2\Source.cpp(16,23): error C2143: синтаксическая ошибка: отсутствие ";" перед "("
C:\Users\divac\source\repos\APK_2\APK_2\Source.cpp(16,27): error C2059: синтаксическая ошибка: )
C:\Users\divac\source\repos\APK_2\APK_2\Source.cpp(17,17): error C2065: intB: необъявленный идентификатор
C:\Users\divac\source\repos\APK_2\APK_2\Source.cpp(17,21): error C2182: interrupt: недопустимое использование типа "void"
C:\Users\divac\source\repos\APK_2\APK_2\Source.cpp(17,6): error C2374: interrupt: переопределение; множественная инициализация
C:\Users\divac\source\repos\APK_2\APK_2\Source.cpp(14): message : см. объявление "interrupt"
C:\Users\divac\source\repos\APK_2\APK_2\Source.cpp(17,23): error C2143: синтаксическая ошибка: отсутствие ";" перед "("
C:\Users\divac\source\repos\APK_2\APK_2\Source.cpp(17,27): error C2059: синтаксическая ошибка: )
C:\Users\divac\source\repos\APK_2\APK_2\Source.cpp(18,17): error C2065: intC: необъявленный идентификатор
C:\Users\divac\source\repos\APK_2\APK_2\Source.cpp(18,21): error C2182: interrupt: недопустимое использование типа "void"
C:\Users\divac\source\repos\APK_2\APK_2\Source.cpp(18,6): error C2374: interrupt: переопределение; множественная инициализация
C:\Users\divac\source\repos\APK_2\APK_2\Source.cpp(14): message : см. объявление "interrupt"
C:\Users\divac\source\repos\APK_2\APK_2\Source.cpp(18,23): error C2143: синтаксическая ошибка: отсутствие ";" перед "("
C:\Users\divac\source\repos\APK_2\APK_2\Source.cpp(18,27): error C2059: синтаксическая ошибка: )
C:\Users\divac\source\repos\APK_2\APK_2\Source.cpp(19,17): error C2065: intD: необъявленный идентификатор
C:\Users\divac\source\repos\APK_2\APK_2\Source.cpp(19,21): error C2182: interrupt: недопустимое использование типа "void"
C:\Users\divac\source\repos\APK_2\APK_2\Source.cpp(19,6): error C2374: interrupt: переопределение; множественная инициализация
C:\Users\divac\source\repos\APK_2\APK_2\Source.cpp(14): message : см. объявление "interrupt"
C:\Users\divac\source\repos\APK_2\APK_2\Source.cpp(19,23): error C2143: синтаксическая ошибка: отсутствие ";" перед "("
C:\Users\divac\source\repos\APK_2\APK_2\Source.cpp(19,27): error C2059: синтаксическая ошибка: )
C:\Users\divac\source\repos\APK_2\APK_2\Source.cpp(20,17): error C2065: intE: необъявленный идентификатор
C:\Users\divac\source\repos\APK_2\APK_2\Source.cpp(20,21): error C2182: interrupt: недопустимое использование типа "void"
C:\Users\divac\source\repos\APK_2\APK_2\Source.cpp(20,6): error C2374: interrupt: переопределение; множественная инициализация
C:\Users\divac\source\repos\APK_2\APK_2\Source.cpp(14): message : см. объявление "interrupt"
C:\Users\divac\source\repos\APK_2\APK_2\Source.cpp(20,23): error C2143: синтаксическая ошибка: отсутствие ";" перед "("
C:\Users\divac\source\repos\APK_2\APK_2\Source.cpp(20,27): error C2059: синтаксическая ошибка: )
C:\Users\divac\source\repos\APK_2\APK_2\Source.cpp(21,17): error C2065: intF: необъявленный идентификатор
C:\Users\divac\source\repos\APK_2\APK_2\Source.cpp(21,21): error C2182: interrupt: недопустимое использование типа "void"
C:\Users\divac\source\repos\APK_2\APK_2\Source.cpp(21,6): error C2374: interrupt: переопределение; множественная инициализация
C:\Users\divac\source\repos\APK_2\APK_2\Source.cpp(14): message : см. объявление "interrupt"
C:\Users\divac\source\repos\APK_2\APK_2\Source.cpp(21,23): error C2143: синтаксическая ошибка: отсутствие ";" перед "("
C:\Users\divac\source\repos\APK_2\APK_2\Source.cpp(21,27): error C2059: синтаксическая ошибка: )
C:\Users\divac\source\repos\APK_2\APK_2\Source.cpp(24,17): error C2065: int0: необъявленный идентификатор
C:\Users\divac\source\repos\APK_2\APK_2\Source.cpp(24,21): error C2182: interrupt: недопустимое использование типа "void"
C:\Users\divac\source\repos\APK_2\APK_2\Source.cpp(24,6): error C2374: interrupt: переопределение; множественная инициализация
C:\Users\divac\source\repos\APK_2\APK_2\Source.cpp(14): message : см. объявление "interrupt"
C:\Users\divac\source\repos\APK_2\APK_2\Source.cpp(24,23): error C2143: синтаксическая ошибка: отсутствие ";" перед "("
C:\Users\divac\source\repos\APK_2\APK_2\Source.cpp(24,27): error C2059: синтаксическая ошибка: )
C:\Users\divac\source\repos\APK_2\APK_2\Source.cpp(25,17): error C2065: int1: необъявленный идентификатор
C:\Users\divac\source\repos\APK_2\APK_2\Source.cpp(25,21): error C2182: interrupt: недопустимое использование типа "void"
C:\Users\divac\source\repos\APK_2\APK_2\Source.cpp(25,6): error C2374: interrupt: переопределение; множественная инициализация
C:\Users\divac\source\repos\APK_2\APK_2\Source.cpp(14): message : см. объявление "interrupt"
C:\Users\divac\source\repos\APK_2\APK_2\Source.cpp(25,23): error C2143: синтаксическая ошибка: отсутствие ";" перед "("
C:\Users\divac\source\repos\APK_2\APK_2\Source.cpp(25,27): error C2059: синтаксическая ошибка: )
C:\Users\divac\source\repos\APK_2\APK_2\Source.cpp(26,17): error C2065: int2: необъявленный идентификатор
C:\Users\divac\source\repos\APK_2\APK_2\Source.cpp(26,21): error C2182: interrupt: недопустимое использование типа "void"
C:\Users\divac\source\repos\APK_2\APK_2\Source.cpp(26,6): error C2374: interrupt: переопределение; множественная инициализация
C:\Users\divac\source\repos\APK_2\APK_2\Source.cpp(14): message : см. объявление "interrupt"
C:\Users\divac\source\repos\APK_2\APK_2\Source.cpp(26,23): error C2143: синтаксическая ошибка: отсутствие ";" перед "("
C:\Users\divac\source\repos\APK_2\APK_2\Source.cpp(26,27): error C2059: синтаксическая ошибка: )
C:\Users\divac\source\repos\APK_2\APK_2\Source.cpp(27,17): error C2065: int3: необъявленный идентификатор
C:\Users\divac\source\repos\APK_2\APK_2\Source.cpp(27,21): error C2182: interrupt: недопустимое использование типа "void"
C:\Users\divac\source\repos\APK_2\APK_2\Source.cpp(27,6): error C2374: interrupt: переопределение; множественная инициализация
C:\Users\divac\source\repos\APK_2\APK_2\Source.cpp(14): message : см. объявление "interrupt"
C:\Users\divac\source\repos\APK_2\APK_2\Source.cpp(27,23): error C2143: синтаксическая ошибка: отсутствие ";" перед "("
C:\Users\divac\source\repos\APK_2\APK_2\Source.cpp(27,27): error C2059: синтаксическая ошибка: )
C:\Users\divac\source\repos\APK_2\APK_2\Source.cpp(28,17): error C2065: int4: необъявленный идентификатор
C:\Users\divac\source\repos\APK_2\APK_2\Source.cpp(28,21): error C2182: interrupt: недопустимое использование типа "void"
C:\Users\divac\source\repos\APK_2\APK_2\Source.cpp(28,6): error C2374: interrupt: переопределение; множественная инициализация
C:\Users\divac\source\repos\APK_2\APK_2\Source.cpp(14): message : см. объявление "interrupt"
C:\Users\divac\source\repos\APK_2\APK_2\Source.cpp(28,23): error C2143: синтаксическая ошибка: отсутствие ";" перед "("
C:\Users\divac\source\repos\APK_2\APK_2\Source.cpp(28,27): error C2059: синтаксическая ошибка: )
C:\Users\divac\source\repos\APK_2\APK_2\Source.cpp(29,17): error C2065: int5: необъявленный идентификатор
C:\Users\divac\source\repos\APK_2\APK_2\Source.cpp(29,21): error C2182: interrupt: недопустимое использование типа "void"
C:\Users\divac\source\repos\APK_2\APK_2\Source.cpp(29,6): error C2374: interrupt: переопределение; множественная инициализация
C:\Users\divac\source\repos\APK_2\APK_2\Source.cpp(14): message : см. объявление "interrupt"
C:\Users\divac\source\repos\APK_2\APK_2\Source.cpp(29,23): error C2143: синтаксическая ошибка: отсутствие ";" перед "("
C:\Users\divac\source\repos\APK_2\APK_2\Source.cpp(29,27): error C2059: синтаксическая ошибка: )
C:\Users\divac\source\repos\APK_2\APK_2\Source.cpp(30,17): error C2065: int6: необъявленный идентификатор
C:\Users\divac\source\repos\APK_2\APK_2\Source.cpp(30,21): error C2182: interrupt: недопустимое использование типа "void"
C:\Users\divac\source\repos\APK_2\APK_2\Source.cpp(30,6): error C2374: interrupt: переопределение; множественная инициализация
C:\Users\divac\source\repos\APK_2\APK_2\Source.cpp(14): message : см. объявление "interrupt"
C:\Users\divac\source\repos\APK_2\APK_2\Source.cpp(30,23): error C2143: синтаксическая ошибка: отсутствие ";" перед "("
C:\Users\divac\source\repos\APK_2\APK_2\Source.cpp(30,27): error C2059: синтаксическая ошибка: )
C:\Users\divac\source\repos\APK_2\APK_2\Source.cpp(31,17): error C2065: int7: необъявленный идентификатор
C:\Users\divac\source\repos\APK_2\APK_2\Source.cpp(31,21): error C2182: interrupt: недопустимое использование типа "void"
C:\Users\divac\source\repos\APK_2\APK_2\Source.cpp(31,6): error C2374: interrupt: переопределение; множественная инициализация
C:\Users\divac\source\repos\APK_2\APK_2\Source.cpp(14): message : см. объявление "interrupt"
C:\Users\divac\source\repos\APK_2\APK_2\Source.cpp(31,23): error C2143: синтаксическая ошибка: отсутствие ";" перед "("
C:\Users\divac\source\repos\APK_2\APK_2\Source.cpp(31,27): error C2059: синтаксическая ошибка: )
C:\Users\divac\source\repos\APK_2\APK_2\Source.cpp(35,21): error C2182: interrupt: недопустимое использование типа "void"
C:\Users\divac\source\repos\APK_2\APK_2\Source.cpp(35,6): error C2086: int interrupt: переопределение
C:\Users\divac\source\repos\APK_2\APK_2\Source.cpp(14): message : см. объявление "interrupt"
C:\Users\divac\source\repos\APK_2\APK_2\Source.cpp(35,17): error C2146: синтаксическая ошибка: отсутствие ";" перед идентификатором "new8"
C:\Users\divac\source\repos\APK_2\APK_2\Source.cpp(35,27): error C4430: отсутствует спецификатор типа - предполагается int. Примечание. C++ не поддерживает int по умолчанию
C:\Users\divac\source\repos\APK_2\APK_2\Source.cpp(35,40): error C3861: int8: идентификатор не найден
C:\Users\divac\source\repos\APK_2\APK_2\Source.cpp(35,48): warning C4508: new8: функция должна возвращать значение; предполагается возвращаемый тип "void"
C:\Users\divac\source\repos\APK_2\APK_2\Source.cpp(36,21): error C2182: interrupt: недопустимое использование типа "void"
C:\Users\divac\source\repos\APK_2\APK_2\Source.cpp(36,6): error C2086: int interrupt: переопределение
C:\Users\divac\source\repos\APK_2\APK_2\Source.cpp(14): message : см. объявление "interrupt"
C:\Users\divac\source\repos\APK_2\APK_2\Source.cpp(36,17): error C2146: синтаксическая ошибка: отсутствие ";" перед идентификатором "new9"
C:\Users\divac\source\repos\APK_2\APK_2\Source.cpp(36,27): error C4430: отсутствует спецификатор типа - предполагается int. Примечание. C++ не поддерживает int по умолчанию
C:\Users\divac\source\repos\APK_2\APK_2\Source.cpp(36,53): error C3861: int9: идентификатор не найден
C:\Users\divac\source\repos\APK_2\APK_2\Source.cpp(36,61): warning C4508: new9: функция должна возвращать значение; предполагается возвращаемый тип "void"
C:\Users\divac\source\repos\APK_2\APK_2\Source.cpp(37,21): error C2182: interrupt: недопустимое использование типа "void"
C:\Users\divac\source\repos\APK_2\APK_2\Source.cpp(37,6): error C2086: int interrupt: переопределение
C:\Users\divac\source\repos\APK_2\APK_2\Source.cpp(14): message : см. объявление "interrupt"
C:\Users\divac\source\repos\APK_2\APK_2\Source.cpp(37,17): error C2146: синтаксическая ошибка: отсутствие ";" перед идентификатором "newA"
C:\Users\divac\source\repos\APK_2\APK_2\Source.cpp(37,27): error C4430: отсутствует спецификатор типа - предполагается int. Примечание. C++ не поддерживает int по умолчанию
C:\Users\divac\source\repos\APK_2\APK_2\Source.cpp(37,40): error C3861: intA: идентификатор не найден
C:\Users\divac\source\repos\APK_2\APK_2\Source.cpp(37,48): warning C4508: newA: функция должна возвращать значение; предполагается возвращаемый тип "void"
C:\Users\divac\source\repos\APK_2\APK_2\Source.cpp(38,21): error C2182: interrupt: недопустимое использование типа "void"
C:\Users\divac\source\repos\APK_2\APK_2\Source.cpp(38,6): error C2086: int interrupt: переопределение
C:\Users\divac\source\repos\APK_2\APK_2\Source.cpp(14): message : см. объявление "interrupt"
C:\Users\divac\source\repos\APK_2\APK_2\Source.cpp(38,17): error C2146: синтаксическая ошибка: отсутствие ";" перед идентификатором "newB"
C:\Users\divac\source\repos\APK_2\APK_2\Source.cpp(38,27): error C4430: отсутствует спецификатор типа - предполагается int. Примечание. C++ не поддерживает int по умолчанию
C:\Users\divac\source\repos\APK_2\APK_2\Source.cpp(38,40): error C3861: intB: идентификатор не найден
C:\Users\divac\source\repos\APK_2\APK_2\Source.cpp(38,48): warning C4508: newB: функция должна возвращать значение; предполагается возвращаемый тип "void"
C:\Users\divac\source\repos\APK_2\APK_2\Source.cpp(39,21): error C2182: interrupt: недопустимое использование типа "void"
C:\Users\divac\source\repos\APK_2\APK_2\Source.cpp(39,6): error C2086: int interrupt: переопределение
C:\Users\divac\source\repos\APK_2\APK_2\Source.cpp(14): message : см. объявление "interrupt"
C:\Users\divac\source\repos\APK_2\APK_2\Source.cpp(39,17): error C2146: синтаксическая ошибка: отсутствие ";" перед идентификатором "newC"
C:\Users\divac\source\repos\APK_2\APK_2\Source.cpp(39,27): error C4430: отсутствует спецификатор типа - предполагается int. Примечание. C++ не поддерживает int по умолчанию
C:\Users\divac\source\repos\APK_2\APK_2\Source.cpp(39,40): error C3861: intC: идентификатор не найден
C:\Users\divac\source\repos\APK_2\APK_2\Source.cpp(39,48): warning C4508: newC: функция должна возвращать значение; предполагается возвращаемый тип "void"
C:\Users\divac\source\repos\APK_2\APK_2\Source.cpp(40,21): error C2182: interrupt: недопустимое использование типа "void"
C:\Users\divac\source\repos\APK_2\APK_2\Source.cpp(40,6): error C2086: int interrupt: переопределение
C:\Users\divac\source\repos\APK_2\APK_2\Source.cpp(14): message : см. объявление "interrupt"
C:\Users\divac\source\repos\APK_2\APK_2\Source.cpp(40,21): fatal error C1003: число ошибок превышает 100; остановка компиляции
